# JRE version: Java(TM) SE Runtime Environment (17.0.2+8) (build 17.0.2+8-LTS-86)
# Java VM: Java HotSpot(TM) 64-Bit Server VM (17.0.2+8-LTS-86, mixed mode, sharing, tiered, compressed oops, compressed class ptrs, g1 gc, windows-amd64)
GC Precious Log:
 CPUs: 8 total, 8 available
 Memory: 8108M
 Large Page Support: Disabled
 NUMA Support: Disabled
 Compressed Oops: Enabled (32-bit)
 Heap Region Size: 1M
 Heap Min Capacity: 8M
 Heap Initial Capacity: 128M
 Heap Max Capacity: 2028M
 Pre-touch: Disabled
 Parallel Workers: 8
 Concurrent Workers: 2
 Concurrent Refinement Workers: 8
 Periodic GC: Disabled
Heap:
 garbage-first heap   total 131072K, used 37551K [0x0000000081400000, 0x0000000100000000)
  region size 1024K, 1 young (1024K), 1 survivors (1024K)
 Metaspace       used 91953K, committed 92864K, reserved 1130496K
  class space    used 11366K, committed 11840K, reserved 1048576K
GC Heap History (20 events):
Event: 236795.525 GC heap after
{Heap after GC invocations=186 (full 0):
 garbage-first heap   total 100352K, used 40230K [0x0000000081400000, 0x0000000100000000)
  region size 1024K, 1 young (1024K), 1 survivors (1024K)
 Metaspace       used 90927K, committed 91840K, reserved 1130496K
  class space    used 11255K, committed 11712K, reserved 1048576K
}
Event: 237019.913 GC heap before
{Heap before GC invocations=186 (full 0):
 garbage-first heap   total 100352K, used 88358K [0x0000000081400000, 0x0000000100000000)
  region size 1024K, 48 young (49152K), 1 survivors (1024K)
 Metaspace       used 90940K, committed 91840K, reserved 1130496K
  class space    used 11255K, committed 11712K, reserved 1048576K
}
Event: 237019.918 GC heap after
{Heap after GC invocations=187 (full 0):
 garbage-first heap   total 100352K, used 40174K [0x0000000081400000, 0x0000000100000000)
  region size 1024K, 1 young (1024K), 1 survivors (1024K)
 Metaspace       used 90940K, committed 91840K, reserved 1130496K
  class space    used 11255K, committed 11712K, reserved 1048576K
}
Event: 237240.475 GC heap before
{Heap before GC invocations=188 (full 0):
 garbage-first heap   total 100352K, used 87278K [0x0000000081400000, 0x0000000100000000)
  region size 1024K, 48 young (49152K), 1 survivors (1024K)
 Metaspace       used 90950K, committed 91840K, reserved 1130496K
  class space    used 11255K, committed 11712K, reserved 1048576K
}
Event: 237240.477 GC heap after
{Heap after GC invocations=189 (full 0):
 garbage-first heap   total 100352K, used 40195K [0x0000000081400000, 0x0000000100000000)
  region size 1024K, 1 young (1024K), 1 survivors (1024K)
 Metaspace       used 90950K, committed 91840K, reserved 1130496K
  class space    used 11255K, committed 11712K, reserved 1048576K
}
Event: 237263.776 GC heap before
{Heap before GC invocations=189 (full 0):
 garbage-first heap   total 100352K, used 43267K [0x0000000081400000, 0x0000000100000000)
  region size 1024K, 4 young (4096K), 1 survivors (1024K)
 Metaspace       used 90950K, committed 91840K, reserved 1130496K
  class space    used 11255K, committed 11712K, reserved 1048576K
}
Event: 237266.539 GC heap after
{Heap after GC invocations=190 (full 0):
 garbage-first heap   total 100352K, used 40007K [0x0000000081400000, 0x0000000100000000)
  region size 1024K, 1 young (1024K), 1 survivors (1024K)
 Metaspace       used 90950K, committed 91840K, reserved 1130496K
  class space    used 11255K, committed 11712K, reserved 1048576K
}
Event: 237288.675 GC heap before
{Heap before GC invocations=190 (full 0):
 garbage-first heap   total 100352K, used 43079K [0x0000000081400000, 0x0000000100000000)
  region size 1024K, 4 young (4096K), 1 survivors (1024K)
 Metaspace       used 90950K, committed 91840K, reserved 1130496K
  class space    used 11255K, committed 11712K, reserved 1048576K
}
Event: 237288.686 GC heap after
{Heap after GC invocations=191 (full 0):
 garbage-first heap   total 100352K, used 40025K [0x0000000081400000, 0x0000000100000000)
  region size 1024K, 1 young (1024K), 1 survivors (1024K)
 Metaspace       used 90950K, committed 91840K, reserved 1130496K
  class space    used 11255K, committed 11712K, reserved 1048576K
}
Event: 237413.519 GC heap before
{Heap before GC invocations=192 (full 0):
 garbage-first heap   total 100352K, used 58457K [0x0000000081400000, 0x0000000100000000)
  region size 1024K, 20 young (20480K), 1 survivors (1024K)
 Metaspace       used 91115K, committed 91968K, reserved 1130496K
  class space    used 11289K, committed 11712K, reserved 1048576K
}
Event: 237415.006 GC heap after
{Heap after GC invocations=193 (full 1):
 garbage-first heap   total 100352K, used 33369K [0x0000000081400000, 0x0000000100000000)
  region size 1024K, 0 young (0K), 0 survivors (0K)
 Metaspace       used 91112K, committed 91968K, reserved 1130496K
  class space    used 11289K, committed 11712K, reserved 1048576K
}
Event: 237445.405 GC heap before
{Heap before GC invocations=193 (full 1):
 garbage-first heap   total 100352K, used 87641K [0x0000000081400000, 0x0000000100000000)
  region size 1024K, 53 young (54272K), 0 survivors (0K)
 Metaspace       used 91653K, committed 92544K, reserved 1130496K
  class space    used 11337K, committed 11776K, reserved 1048576K
}
Event: 237445.429 GC heap after
{Heap after GC invocations=194 (full 1):
 garbage-first heap   total 120832K, used 36150K [0x0000000081400000, 0x0000000100000000)
  region size 1024K, 3 young (3072K), 3 survivors (3072K)
 Metaspace       used 91653K, committed 92544K, reserved 1130496K
  class space    used 11337K, committed 11776K, reserved 1048576K
}
Event: 237445.541 GC heap before
{Heap before GC invocations=194 (full 1):
 garbage-first heap   total 120832K, used 37174K [0x0000000081400000, 0x0000000100000000)
  region size 1024K, 5 young (5120K), 3 survivors (3072K)
 Metaspace       used 91664K, committed 92544K, reserved 1130496K
  class space    used 11337K, committed 11776K, reserved 1048576K
}
Event: 237445.546 GC heap after
{Heap after GC invocations=195 (full 1):
 garbage-first heap   total 120832K, used 36189K [0x0000000081400000, 0x0000000100000000)
  region size 1024K, 1 young (1024K), 1 survivors (1024K)
 Metaspace       used 91664K, committed 92544K, reserved 1130496K
  class space    used 11337K, committed 11776K, reserved 1048576K
}
Event: 237445.764 GC heap before
{Heap before GC invocations=196 (full 1):
 garbage-first heap   total 120832K, used 40285K [0x0000000081400000, 0x0000000100000000)
  region size 1024K, 5 young (5120K), 1 survivors (1024K)
 Metaspace       used 91704K, committed 92608K, reserved 1130496K
  class space    used 11337K, committed 11776K, reserved 1048576K
}
Event: 237445.767 GC heap after
{Heap after GC invocations=197 (full 1):
 garbage-first heap   total 120832K, used 36465K [0x0000000081400000, 0x0000000100000000)
  region size 1024K, 1 young (1024K), 1 survivors (1024K)
 Metaspace       used 91704K, committed 92608K, reserved 1130496K
  class space    used 11337K, committed 11776K, reserved 1048576K
}
Event: 237446.084 GC heap before
{Heap before GC invocations=197 (full 1):
 garbage-first heap   total 120832K, used 40561K [0x0000000081400000, 0x0000000100000000)
  region size 1024K, 5 young (5120K), 1 survivors (1024K)
 Metaspace       used 91772K, committed 92672K, reserved 1130496K
  class space    used 11344K, committed 11776K, reserved 1048576K
}
Event: 237446.088 GC heap after
{Heap after GC invocations=198 (full 1):
 garbage-first heap   total 120832K, used 37173K [0x0000000081400000, 0x0000000100000000)
  region size 1024K, 1 young (1024K), 1 survivors (1024K)
 Metaspace       used 91772K, committed 92672K, reserved 1130496K
  class space    used 11344K, committed 11776K, reserved 1048576K
}
Event: 237446.291 GC heap before
{Heap before GC invocations=199 (full 1):
 garbage-first heap   total 120832K, used 41269K [0x0000000081400000, 0x0000000100000000)
  region size 1024K, 5 young (5120K), 1 survivors (1024K)
 Metaspace       used 91953K, committed 92864K, reserved 1130496K
  class space    used 11366K, committed 11840K, reserved 1048576K
}

